[2020-08-06 11:22:25,123 INFO root] Taurus CLI Tool v1.14.0
[2020-08-06 11:22:25,124 DEBUG root] Command-line options: {'log': '/var/folders/82/6d4s2fn16z934wt1z93lyq0j08sml4/T/bzt_dc4mt8bu.log', 'option': None, 'quiet': None, 'verbose': None, 'no_system_configs': None, 'aliases': []}
[2020-08-06 11:22:25,124 DEBUG root] Python: CPython 3.8.1
[2020-08-06 11:22:25,124 DEBUG root] OS: uname_result(system='Darwin', node='30153-MBPR.attlocal.net', release='19.4.0', version='Darwin Kernel Version 19.4.0: Wed Mar  4 22:28:40 PST 2020; root:xnu-6153.101.6~15/RELEASE_X86_64', machine='x86_64', processor='i386')
[2020-08-06 11:22:25,124 INFO root] Starting with configs: ['post1.yml']
[2020-08-06 11:22:25,124 DEBUG root] Adding personal config: /Users/grace.tshihata/.bzt-rc
[2020-08-06 11:22:25,124 INFO root] No personal config found, creating one at /Users/grace.tshihata/.bzt-rc
[2020-08-06 11:22:25,125 INFO Engine] Configuring...
[2020-08-06 11:22:25,163 DEBUG Engine] Base configs list: ['/usr/local/Cellar/bzt/1.14.0_1/libexec/lib/python3.8/site-packages/bzt/resources/10-base-config.yml']
[2020-08-06 11:22:25,163 DEBUG Engine.Configuration] Configs: ['/usr/local/Cellar/bzt/1.14.0_1/libexec/lib/python3.8/site-packages/bzt/resources/10-base-config.yml']
[2020-08-06 11:22:25,163 DEBUG Engine.Configuration] Reading /usr/local/Cellar/bzt/1.14.0_1/libexec/lib/python3.8/site-packages/bzt/resources/10-base-config.yml as YAML
[2020-08-06 11:22:25,191 DEBUG Engine] User configs list: ['/Users/grace.tshihata/.bzt-rc', 'post1.yml']
[2020-08-06 11:22:25,192 DEBUG Engine.Configuration] Configs: ['/Users/grace.tshihata/.bzt-rc', 'post1.yml']
[2020-08-06 11:22:25,192 DEBUG Engine.Configuration] Reading /Users/grace.tshihata/.bzt-rc as YAML
[2020-08-06 11:22:25,197 DEBUG Engine.Configuration] Reading post1.yml as YAML
[2020-08-06 11:22:25,202 DEBUG Engine.Configuration] Configs: ['/Users/grace.tshihata/.bzt-rc', 'post1.yml']
[2020-08-06 11:22:25,202 DEBUG Engine.Configuration] Reading /Users/grace.tshihata/.bzt-rc as YAML
[2020-08-06 11:22:25,207 DEBUG Engine.Configuration] Reading post1.yml as YAML
[2020-08-06 11:22:25,215 DEBUG Engine] Requesting updates info: https://gettaurus.org/updates/?version=1.14.0&installID=macos-784f439c7271
[2020-08-06 11:22:25,215 DEBUG HTTPClient] Making HTTP request GET https://gettaurus.org/updates/?version=1.14.0&installID=macos-784f439c7271
[2020-08-06 11:22:25,215 INFO Engine] Artifacts dir: /Users/grace.tshihata/pit/performance/scenarios/2020-08-06_11-22-25.215146
[2020-08-06 11:22:25,216 DEBUG Engine] New artifact filename: /Users/grace.tshihata/pit/performance/scenarios/2020-08-06_11-22-25.215146/effective
[2020-08-06 11:22:25,219 DEBUG Engine.Configuration] Dumping YAML config into /Users/grace.tshihata/pit/performance/scenarios/2020-08-06_11-22-25.215146/effective.yml
[2020-08-06 11:22:25,247 DEBUG Engine.Configuration] Dumping JSON config into /Users/grace.tshihata/pit/performance/scenarios/2020-08-06_11-22-25.215146/effective.json
[2020-08-06 11:22:25,249 DEBUG Engine] New artifact filename: /Users/grace.tshihata/pit/performance/scenarios/2020-08-06_11-22-25.215146/merged.yml
[2020-08-06 11:22:25,249 DEBUG Engine.Configuration] Dumping YAML config into /Users/grace.tshihata/pit/performance/scenarios/2020-08-06_11-22-25.215146/merged.yml
[2020-08-06 11:22:25,254 DEBUG Engine] New artifact filename: /Users/grace.tshihata/pit/performance/scenarios/2020-08-06_11-22-25.215146/merged.json
[2020-08-06 11:22:25,255 DEBUG Engine.Configuration] Dumping JSON config into /Users/grace.tshihata/pit/performance/scenarios/2020-08-06_11-22-25.215146/merged.json
[2020-08-06 11:22:25,255 DEBUG Engine] Add existing artifact (move=False): post1.yml
[2020-08-06 11:22:25,256 DEBUG urllib3.connectionpool] Starting new HTTPS connection (1): gettaurus.org:443
[2020-08-06 11:22:25,257 DEBUG Engine] Copying post1.yml to /Users/grace.tshihata/pit/performance/scenarios/2020-08-06_11-22-25.215146/post1.yml
[2020-08-06 11:22:25,259 DEBUG root] Closing log handler: /var/folders/82/6d4s2fn16z934wt1z93lyq0j08sml4/T/bzt_dc4mt8bu.log
[2020-08-06 11:22:25,259 DEBUG root] Switched writing logs to /Users/grace.tshihata/pit/performance/scenarios/2020-08-06_11-22-25.215146/bzt.log
[2020-08-06 11:22:25,259 DEBUG root] Linting config
[2020-08-06 11:22:25,263 INFO Engine] Preparing...
[2020-08-06 11:22:25,263 DEBUG Engine] Module config: consolidator {'class': 'bzt.modules.aggregator.ConsolidatingAggregator'}
[2020-08-06 11:22:25,263 DEBUG root] Importing module: bzt.modules.aggregator
[2020-08-06 11:22:26,037 DEBUG urllib3.connectionpool] https://gettaurus.org:443 "GET /updates/?version=1.14.0&installID=macos-784f439c7271 HTTP/1.1" 200 39
[2020-08-06 11:22:26,039 DEBUG Engine] Taurus updates info: {'latest': '1.14.2', 'needsUpgrade': True}
[2020-08-06 11:22:26,040 WARNING Engine] There is newer version of Taurus 1.14.2 available, consider upgrading. What's new: http://gettaurus.org/docs/Changelog/
[2020-08-06 11:22:27,163 DEBUG root] Loading class: 'ConsolidatingAggregator' from <module 'bzt.modules.aggregator' from '/usr/local/Cellar/bzt/1.14.0_1/libexec/lib/python3.8/site-packages/bzt/modules/aggregator.py'>
[2020-08-06 11:22:27,163 DEBUG Engine.consolidator] Buffer scaling setup: percentile 95.0 from [0.0, 50.0, 90.0, 95.0, 99.0, 99.9, 100.0] selected
[2020-08-06 11:22:27,163 DEBUG Engine] Module config: monitoring {'class': 'bzt.modules.monitoring.Monitoring'}
[2020-08-06 11:22:27,163 DEBUG root] Importing module: bzt.modules.monitoring
[2020-08-06 11:22:27,173 DEBUG root] Loading class: 'Monitoring' from <module 'bzt.modules.monitoring' from '/usr/local/Cellar/bzt/1.14.0_1/libexec/lib/python3.8/site-packages/bzt/modules/monitoring.py'>
[2020-08-06 11:22:27,174 DEBUG Engine] Module config: shellexec {'class': 'bzt.modules.shellexec.ShellExecutor'}
[2020-08-06 11:22:27,174 DEBUG root] Importing module: bzt.modules.shellexec
[2020-08-06 11:22:27,177 DEBUG root] Loading class: 'ShellExecutor' from <module 'bzt.modules.shellexec' from '/usr/local/Cellar/bzt/1.14.0_1/libexec/lib/python3.8/site-packages/bzt/modules/shellexec.py'>
[2020-08-06 11:22:27,178 DEBUG Engine.shellexec] Added prepare task: {'command': 'mvn -Dmaven.test.skip=true clean package'}
[2020-08-06 11:22:27,178 INFO Engine.shellexec.Task] Starting shell command: mvn -Dmaven.test.skip=true clean package
[2020-08-06 11:22:27,178 DEBUG root] Executing shell: mvn -Dmaven.test.skip=true clean package at /Users/grace.tshihata/pit/performance/scenarios
[2020-08-06 11:22:28,950 DEBUG Engine.shellexec.Task] Output for mvn -Dmaven.test.skip=true clean package:
[INFO] Scanning for projects...
[INFO] ------------------------------------------------------------------------
[INFO] BUILD FAILURE
[INFO] ------------------------------------------------------------------------
[INFO] Total time:  0.097 s
[INFO] Finished at: 2020-08-06T11:22:28-04:00
[INFO] ------------------------------------------------------------------------
[ERROR] The goal you specified requires a project to execute but there is no POM in this directory (/Users/grace.tshihata/pit/performance/scenarios). Please verify you invoked Maven from the correct directory. -> [Help 1]
[ERROR] 
[ERROR] To see the full stack trace of the errors, re-run Maven with the -e switch.
[ERROR] Re-run Maven using the -X switch to enable full debug logging.
[ERROR] 
[ERROR] For more information about the errors and possible solutions, please read the following articles:
[ERROR] [Help 1] http://cwiki.apache.org/confluence/display/MAVEN/MissingProjectException

[2020-08-06 11:22:28,950 DEBUG Engine.shellexec.Task] Task was finished with exit code 1: mvn -Dmaven.test.skip=true clean package
[2020-08-06 11:22:28,954 ERROR root] CalledProcessError: Command 'mvn -Dmaven.test.skip=true clean package' returned non-zero exit status 1.
  File "/usr/local/Cellar/bzt/1.14.0_1/libexec/lib/python3.8/site-packages/bzt/cli.py", line 258, in perform
    self.engine.prepare()
  File "/usr/local/Cellar/bzt/1.14.0_1/libexec/lib/python3.8/site-packages/bzt/engine/engine.py", line 194, in prepare
    self.__prepare_services()
  File "/usr/local/Cellar/bzt/1.14.0_1/libexec/lib/python3.8/site-packages/bzt/engine/engine.py", line 640, in __prepare_services
    module.prepare()
  File "/usr/local/Cellar/bzt/1.14.0_1/libexec/lib/python3.8/site-packages/bzt/modules/shellexec.py", line 104, in prepare
    task.start()
  File "/usr/local/Cellar/bzt/1.14.0_1/libexec/lib/python3.8/site-packages/bzt/modules/shellexec.py", line 191, in start
    self._get_results()
  File "/usr/local/Cellar/bzt/1.14.0_1/libexec/lib/python3.8/site-packages/bzt/modules/shellexec.py", line 218, in _get_results
    raise CalledProcessError(self.process.returncode, self)
[2020-08-06 11:22:28,955 INFO Engine] Post-processing...
[2020-08-06 11:22:28,955 DEBUG Engine.consolidator] Consolidator buffer[0]: dict_keys([])
[2020-08-06 11:22:28,957 DEBUG Engine.Configuration] Dumping YAML config into /Users/grace.tshihata/pit/performance/scenarios/2020-08-06_11-22-25.215146/effective.yml
[2020-08-06 11:22:28,984 DEBUG Engine.Configuration] Dumping JSON config into /Users/grace.tshihata/pit/performance/scenarios/2020-08-06_11-22-25.215146/effective.json
[2020-08-06 11:22:28,986 INFO root] Artifacts dir: /Users/grace.tshihata/pit/performance/scenarios/2020-08-06_11-22-25.215146
[2020-08-06 11:22:28,987 WARNING root] Done performing with code: 1
[2020-08-06 11:22:28,988 DEBUG root] Closing log handler: /Users/grace.tshihata/pit/performance/scenarios/2020-08-06_11-22-25.215146/bzt.log
